CRITICAL - 2026-06-22 04:16:28 --> Unable to locate view cell class: App\Cells\ArtikelTerkini.
#0 C:\xampp\htdocs\lab7_php_ci\ci4\system\View\Cell.php(240): CodeIgniter\View\Exceptions\ViewException::forInvalidCellClass('App\\Cells\\Artik...')
#1 C:\xampp\htdocs\lab7_php_ci\ci4\system\View\Cell.php(81): CodeIgniter\View\Cell->determineClass('App\\Cells\\Artik...')
#2 C:\xampp\htdocs\lab7_php_ci\ci4\system\Common.php(1271): CodeIgniter\View\Cell->render('App\\Cells\\Artik...', NULL, 0, NULL)
#3 C:\xampp\htdocs\lab7_php_ci\ci4\app\Views\layout\main.php(24): view_cell('App\\Cells\\Artik...')
#4 C:\xampp\htdocs\lab7_php_ci\ci4\system\View\View.php(230): include('C:\\xampp\\htdocs...')
#5 C:\xampp\htdocs\lab7_php_ci\ci4\system\View\View.php(232): CodeIgniter\View\View->CodeIgniter\View\{closure}()
#6 C:\xampp\htdocs\lab7_php_ci\ci4\system\View\View.php(246): CodeIgniter\View\View->render('layout/main', Array, true)
#7 C:\xampp\htdocs\lab7_php_ci\ci4\system\Common.php(1250): CodeIgniter\View\View->render('about', Array, true)
#8 C:\xampp\htdocs\lab7_php_ci\ci4\app\Controllers\Page.php(10): view('about', Array)
#9 C:\xampp\htdocs\lab7_php_ci\ci4\system\CodeIgniter.php(931): App\Controllers\Page->about()
#10 C:\xampp\htdocs\lab7_php_ci\ci4\system\CodeIgniter.php(439): CodeIgniter\CodeIgniter->runController(Object(App\Controllers\Page))
#11 C:\xampp\htdocs\lab7_php_ci\ci4\system\CodeIgniter.php(339): CodeIgniter\CodeIgniter->handleRequest(NULL, Object(Config\Cache), false)
#12 C:\xampp\htdocs\lab7_php_ci\ci4\public\index.php(36): CodeIgniter\CodeIgniter->run()
#13 C:\xampp\htdocs\lab7_php_ci\ci4\system\Commands\Server\rewrite.php(45): require_once('C:\\xampp\\htdocs...')
#14 {main}
CRITICAL - 2026-06-22 04:21:08 --> Unable to locate view cell class: App\Cells\ArtikelTerkini.
#0 C:\xampp\htdocs\lab7_php_ci\ci4\system\View\Cell.php(240): CodeIgniter\View\Exceptions\ViewException::forInvalidCellClass('App\\Cells\\Artik...')
#1 C:\xampp\htdocs\lab7_php_ci\ci4\system\View\Cell.php(81): CodeIgniter\View\Cell->determineClass('App\\Cells\\Artik...')
#2 C:\xampp\htdocs\lab7_php_ci\ci4\system\Common.php(1271): CodeIgniter\View\Cell->render('App\\Cells\\Artik...', NULL, 0, NULL)
#3 C:\xampp\htdocs\lab7_php_ci\ci4\app\Views\layout\main.php(24): view_cell('App\\Cells\\Artik...')
#4 C:\xampp\htdocs\lab7_php_ci\ci4\system\View\View.php(230): include('C:\\xampp\\htdocs...')
#5 C:\xampp\htdocs\lab7_php_ci\ci4\system\View\View.php(232): CodeIgniter\View\View->CodeIgniter\View\{closure}()
#6 C:\xampp\htdocs\lab7_php_ci\ci4\system\View\View.php(246): CodeIgniter\View\View->render('layout/main', Array, true)
#7 C:\xampp\htdocs\lab7_php_ci\ci4\system\Common.php(1250): CodeIgniter\View\View->render('about', Array, true)
#8 C:\xampp\htdocs\lab7_php_ci\ci4\app\Controllers\Page.php(10): view('about', Array)
#9 C:\xampp\htdocs\lab7_php_ci\ci4\system\CodeIgniter.php(931): App\Controllers\Page->about()
#10 C:\xampp\htdocs\lab7_php_ci\ci4\system\CodeIgniter.php(439): CodeIgniter\CodeIgniter->runController(Object(App\Controllers\Page))
#11 C:\xampp\htdocs\lab7_php_ci\ci4\system\CodeIgniter.php(339): CodeIgniter\CodeIgniter->handleRequest(NULL, Object(Config\Cache), false)
#12 C:\xampp\htdocs\lab7_php_ci\ci4\public\index.php(36): CodeIgniter\CodeIgniter->run()
#13 C:\xampp\htdocs\lab7_php_ci\ci4\system\Commands\Server\rewrite.php(45): require_once('C:\\xampp\\htdocs...')
#14 {main}
CRITICAL - 2026-06-22 04:25:52 --> Invalid file: components/artikel_terkini.php
#0 C:\xampp\htdocs\lab7_php_ci\ci4\system\View\View.php(213): CodeIgniter\Exceptions\FrameworkException::forInvalidFile('components/arti...')
#1 C:\xampp\htdocs\lab7_php_ci\ci4\system\Common.php(1250): CodeIgniter\View\View->render('components/arti...', Array, true)
#2 C:\xampp\htdocs\lab7_php_ci\ci4\app\Cells\ArtikelTerkini.php(14): view('components/arti...', Array)
#3 C:\xampp\htdocs\lab7_php_ci\ci4\system\View\Cell.php(120): App\Cells\ArtikelTerkini->render()
#4 C:\xampp\htdocs\lab7_php_ci\ci4\system\Common.php(1271): CodeIgniter\View\Cell->render('App\\Cells\\Artik...', NULL, 0, 'AppCellsArtikel...')
#5 C:\xampp\htdocs\lab7_php_ci\ci4\app\Views\layout\main.php(24): view_cell('App\\Cells\\Artik...')
#6 C:\xampp\htdocs\lab7_php_ci\ci4\system\View\View.php(230): include('C:\\xampp\\htdocs...')
#7 C:\xampp\htdocs\lab7_php_ci\ci4\system\View\View.php(232): CodeIgniter\View\View->CodeIgniter\View\{closure}()
#8 C:\xampp\htdocs\lab7_php_ci\ci4\system\View\View.php(246): CodeIgniter\View\View->render('layout/main', Array, true)
#9 C:\xampp\htdocs\lab7_php_ci\ci4\system\Common.php(1250): CodeIgniter\View\View->render('about', Array, true)
#10 C:\xampp\htdocs\lab7_php_ci\ci4\app\Controllers\Page.php(10): view('about', Array)
#11 C:\xampp\htdocs\lab7_php_ci\ci4\system\CodeIgniter.php(931): App\Controllers\Page->about()
#12 C:\xampp\htdocs\lab7_php_ci\ci4\system\CodeIgniter.php(439): CodeIgniter\CodeIgniter->runController(Object(App\Controllers\Page))
#13 C:\xampp\htdocs\lab7_php_ci\ci4\system\CodeIgniter.php(339): CodeIgniter\CodeIgniter->handleRequest(NULL, Object(Config\Cache), false)
#14 C:\xampp\htdocs\lab7_php_ci\ci4\public\index.php(36): CodeIgniter\CodeIgniter->run()
#15 C:\xampp\htdocs\lab7_php_ci\ci4\system\Commands\Server\rewrite.php(45): require_once('C:\\xampp\\htdocs...')
#16 {main}
CRITICAL - 2026-06-22 04:25:54 --> Invalid file: components/artikel_terkini.php
#0 C:\xampp\htdocs\lab7_php_ci\ci4\system\View\View.php(213): CodeIgniter\Exceptions\FrameworkException::forInvalidFile('components/arti...')
#1 C:\xampp\htdocs\lab7_php_ci\ci4\system\Common.php(1250): CodeIgniter\View\View->render('components/arti...', Array, true)
#2 C:\xampp\htdocs\lab7_php_ci\ci4\app\Cells\ArtikelTerkini.php(14): view('components/arti...', Array)
#3 C:\xampp\htdocs\lab7_php_ci\ci4\system\View\Cell.php(120): App\Cells\ArtikelTerkini->render()
#4 C:\xampp\htdocs\lab7_php_ci\ci4\system\Common.php(1271): CodeIgniter\View\Cell->render('App\\Cells\\Artik...', NULL, 0, 'AppCellsArtikel...')
#5 C:\xampp\htdocs\lab7_php_ci\ci4\app\Views\layout\main.php(24): view_cell('App\\Cells\\Artik...')
#6 C:\xampp\htdocs\lab7_php_ci\ci4\system\View\View.php(230): include('C:\\xampp\\htdocs...')
#7 C:\xampp\htdocs\lab7_php_ci\ci4\system\View\View.php(232): CodeIgniter\View\View->CodeIgniter\View\{closure}()
#8 C:\xampp\htdocs\lab7_php_ci\ci4\system\View\View.php(246): CodeIgniter\View\View->render('layout/main', Array, true)
#9 C:\xampp\htdocs\lab7_php_ci\ci4\system\Common.php(1250): CodeIgniter\View\View->render('about', Array, true)
#10 C:\xampp\htdocs\lab7_php_ci\ci4\app\Controllers\Page.php(10): view('about', Array)
#11 C:\xampp\htdocs\lab7_php_ci\ci4\system\CodeIgniter.php(931): App\Controllers\Page->about()
#12 C:\xampp\htdocs\lab7_php_ci\ci4\system\CodeIgniter.php(439): CodeIgniter\CodeIgniter->runController(Object(App\Controllers\Page))
#13 C:\xampp\htdocs\lab7_php_ci\ci4\system\CodeIgniter.php(339): CodeIgniter\CodeIgniter->handleRequest(NULL, Object(Config\Cache), false)
#14 C:\xampp\htdocs\lab7_php_ci\ci4\public\index.php(36): CodeIgniter\CodeIgniter->run()
#15 C:\xampp\htdocs\lab7_php_ci\ci4\system\Commands\Server\rewrite.php(45): require_once('C:\\xampp\\htdocs...')
#16 {main}
CRITICAL - 2026-06-22 04:27:12 --> Invalid file: components/artikel_terkini.php
#0 C:\xampp\htdocs\lab7_php_ci\ci4\system\View\View.php(213): CodeIgniter\Exceptions\FrameworkException::forInvalidFile('components/arti...')
#1 C:\xampp\htdocs\lab7_php_ci\ci4\system\Common.php(1250): CodeIgniter\View\View->render('components/arti...', Array, true)
#2 C:\xampp\htdocs\lab7_php_ci\ci4\app\Cells\ArtikelTerkini.php(16): view('components/arti...', Array)
#3 C:\xampp\htdocs\lab7_php_ci\ci4\system\View\Cell.php(120): App\Cells\ArtikelTerkini->render()
#4 C:\xampp\htdocs\lab7_php_ci\ci4\system\Common.php(1271): CodeIgniter\View\Cell->render('App\\Cells\\Artik...', NULL, 0, 'AppCellsArtikel...')
#5 C:\xampp\htdocs\lab7_php_ci\ci4\app\Views\layout\main.php(24): view_cell('App\\Cells\\Artik...')
#6 C:\xampp\htdocs\lab7_php_ci\ci4\system\View\View.php(230): include('C:\\xampp\\htdocs...')
#7 C:\xampp\htdocs\lab7_php_ci\ci4\system\View\View.php(232): CodeIgniter\View\View->CodeIgniter\View\{closure}()
#8 C:\xampp\htdocs\lab7_php_ci\ci4\system\View\View.php(246): CodeIgniter\View\View->render('layout/main', Array, true)
#9 C:\xampp\htdocs\lab7_php_ci\ci4\system\Common.php(1250): CodeIgniter\View\View->render('about', Array, true)
#10 C:\xampp\htdocs\lab7_php_ci\ci4\app\Controllers\Page.php(10): view('about', Array)
#11 C:\xampp\htdocs\lab7_php_ci\ci4\system\CodeIgniter.php(931): App\Controllers\Page->about()
#12 C:\xampp\htdocs\lab7_php_ci\ci4\system\CodeIgniter.php(439): CodeIgniter\CodeIgniter->runController(Object(App\Controllers\Page))
#13 C:\xampp\htdocs\lab7_php_ci\ci4\system\CodeIgniter.php(339): CodeIgniter\CodeIgniter->handleRequest(NULL, Object(Config\Cache), false)
#14 C:\xampp\htdocs\lab7_php_ci\ci4\public\index.php(36): CodeIgniter\CodeIgniter->run()
#15 C:\xampp\htdocs\lab7_php_ci\ci4\system\Commands\Server\rewrite.php(45): require_once('C:\\xampp\\htdocs...')
#16 {main}
CRITICAL - 2026-06-22 04:27:13 --> Invalid file: components/artikel_terkini.php
#0 C:\xampp\htdocs\lab7_php_ci\ci4\system\View\View.php(213): CodeIgniter\Exceptions\FrameworkException::forInvalidFile('components/arti...')
#1 C:\xampp\htdocs\lab7_php_ci\ci4\system\Common.php(1250): CodeIgniter\View\View->render('components/arti...', Array, true)
#2 C:\xampp\htdocs\lab7_php_ci\ci4\app\Cells\ArtikelTerkini.php(16): view('components/arti...', Array)
#3 C:\xampp\htdocs\lab7_php_ci\ci4\system\View\Cell.php(120): App\Cells\ArtikelTerkini->render()
#4 C:\xampp\htdocs\lab7_php_ci\ci4\system\Common.php(1271): CodeIgniter\View\Cell->render('App\\Cells\\Artik...', NULL, 0, 'AppCellsArtikel...')
#5 C:\xampp\htdocs\lab7_php_ci\ci4\app\Views\layout\main.php(24): view_cell('App\\Cells\\Artik...')
#6 C:\xampp\htdocs\lab7_php_ci\ci4\system\View\View.php(230): include('C:\\xampp\\htdocs...')
#7 C:\xampp\htdocs\lab7_php_ci\ci4\system\View\View.php(232): CodeIgniter\View\View->CodeIgniter\View\{closure}()
#8 C:\xampp\htdocs\lab7_php_ci\ci4\system\View\View.php(246): CodeIgniter\View\View->render('layout/main', Array, true)
#9 C:\xampp\htdocs\lab7_php_ci\ci4\system\Common.php(1250): CodeIgniter\View\View->render('about', Array, true)
#10 C:\xampp\htdocs\lab7_php_ci\ci4\app\Controllers\Page.php(10): view('about', Array)
#11 C:\xampp\htdocs\lab7_php_ci\ci4\system\CodeIgniter.php(931): App\Controllers\Page->about()
#12 C:\xampp\htdocs\lab7_php_ci\ci4\system\CodeIgniter.php(439): CodeIgniter\CodeIgniter->runController(Object(App\Controllers\Page))
#13 C:\xampp\htdocs\lab7_php_ci\ci4\system\CodeIgniter.php(339): CodeIgniter\CodeIgniter->handleRequest(NULL, Object(Config\Cache), false)
#14 C:\xampp\htdocs\lab7_php_ci\ci4\public\index.php(36): CodeIgniter\CodeIgniter->run()
#15 C:\xampp\htdocs\lab7_php_ci\ci4\system\Commands\Server\rewrite.php(45): require_once('C:\\xampp\\htdocs...')
#16 {main}
CRITICAL - 2026-06-22 04:43:34 --> Call to undefined method CodeIgniter\Database\MySQLi\Builder::paginate()
#0 C:\xampp\htdocs\lab7_php_ci\ci4\system\CodeIgniter.php(931): App\Controllers\Artikel->admin_index()
#1 C:\xampp\htdocs\lab7_php_ci\ci4\system\CodeIgniter.php(439): CodeIgniter\CodeIgniter->runController(Object(App\Controllers\Artikel))
#2 C:\xampp\htdocs\lab7_php_ci\ci4\system\CodeIgniter.php(339): CodeIgniter\CodeIgniter->handleRequest(NULL, Object(Config\Cache), false)
#3 C:\xampp\htdocs\lab7_php_ci\ci4\public\index.php(36): CodeIgniter\CodeIgniter->run()
#4 C:\xampp\htdocs\lab7_php_ci\ci4\system\Commands\Server\rewrite.php(45): require_once('C:\\xampp\\htdocs...')
#5 {main}
CRITICAL - 2026-06-22 04:45:10 --> Class "App\Models\KategoriModel" not found
#0 C:\xampp\htdocs\lab7_php_ci\ci4\system\CodeIgniter.php(931): App\Controllers\Artikel->admin_index()
#1 C:\xampp\htdocs\lab7_php_ci\ci4\system\CodeIgniter.php(439): CodeIgniter\CodeIgniter->runController(Object(App\Controllers\Artikel))
#2 C:\xampp\htdocs\lab7_php_ci\ci4\system\CodeIgniter.php(339): CodeIgniter\CodeIgniter->handleRequest(NULL, Object(Config\Cache), false)
#3 C:\xampp\htdocs\lab7_php_ci\ci4\public\index.php(36): CodeIgniter\CodeIgniter->run()
#4 C:\xampp\htdocs\lab7_php_ci\ci4\system\Commands\Server\rewrite.php(45): require_once('C:\\xampp\\htdocs...')
#5 {main}
CRITICAL - 2026-06-22 04:45:12 --> Class "App\Models\KategoriModel" not found
#0 C:\xampp\htdocs\lab7_php_ci\ci4\system\CodeIgniter.php(931): App\Controllers\Artikel->admin_index()
#1 C:\xampp\htdocs\lab7_php_ci\ci4\system\CodeIgniter.php(439): CodeIgniter\CodeIgniter->runController(Object(App\Controllers\Artikel))
#2 C:\xampp\htdocs\lab7_php_ci\ci4\system\CodeIgniter.php(339): CodeIgniter\CodeIgniter->handleRequest(NULL, Object(Config\Cache), false)
#3 C:\xampp\htdocs\lab7_php_ci\ci4\public\index.php(36): CodeIgniter\CodeIgniter->run()
#4 C:\xampp\htdocs\lab7_php_ci\ci4\system\Commands\Server\rewrite.php(45): require_once('C:\\xampp\\htdocs...')
#5 {main}
CRITICAL - 2026-06-22 04:45:54 --> Class "App\Models\KategoriModel" not found
#0 C:\xampp\htdocs\lab7_php_ci\ci4\system\CodeIgniter.php(931): App\Controllers\Artikel->admin_index()
#1 C:\xampp\htdocs\lab7_php_ci\ci4\system\CodeIgniter.php(439): CodeIgniter\CodeIgniter->runController(Object(App\Controllers\Artikel))
#2 C:\xampp\htdocs\lab7_php_ci\ci4\system\CodeIgniter.php(339): CodeIgniter\CodeIgniter->handleRequest(NULL, Object(Config\Cache), false)
#3 C:\xampp\htdocs\lab7_php_ci\ci4\public\index.php(36): CodeIgniter\CodeIgniter->run()
#4 C:\xampp\htdocs\lab7_php_ci\ci4\system\Commands\Server\rewrite.php(45): require_once('C:\\xampp\\htdocs...')
#5 {main}
CRITICAL - 2026-06-22 04:47:45 --> Class "App\Models\KategoriModel" not found
#0 C:\xampp\htdocs\lab7_php_ci\ci4\system\CodeIgniter.php(931): App\Controllers\Artikel->admin_index()
#1 C:\xampp\htdocs\lab7_php_ci\ci4\system\CodeIgniter.php(439): CodeIgniter\CodeIgniter->runController(Object(App\Controllers\Artikel))
#2 C:\xampp\htdocs\lab7_php_ci\ci4\system\CodeIgniter.php(339): CodeIgniter\CodeIgniter->handleRequest(NULL, Object(Config\Cache), false)
#3 C:\xampp\htdocs\lab7_php_ci\ci4\public\index.php(36): CodeIgniter\CodeIgniter->run()
#4 C:\xampp\htdocs\lab7_php_ci\ci4\system\Commands\Server\rewrite.php(45): require_once('C:\\xampp\\htdocs...')
#5 {main}
CRITICAL - 2026-06-22 04:47:48 --> Class "App\Models\KategoriModel" not found
#0 C:\xampp\htdocs\lab7_php_ci\ci4\system\CodeIgniter.php(931): App\Controllers\Artikel->admin_index()
#1 C:\xampp\htdocs\lab7_php_ci\ci4\system\CodeIgniter.php(439): CodeIgniter\CodeIgniter->runController(Object(App\Controllers\Artikel))
#2 C:\xampp\htdocs\lab7_php_ci\ci4\system\CodeIgniter.php(339): CodeIgniter\CodeIgniter->handleRequest(NULL, Object(Config\Cache), false)
#3 C:\xampp\htdocs\lab7_php_ci\ci4\public\index.php(36): CodeIgniter\CodeIgniter->run()
#4 C:\xampp\htdocs\lab7_php_ci\ci4\system\Commands\Server\rewrite.php(45): require_once('C:\\xampp\\htdocs...')
#5 {main}
CRITICAL - 2026-06-22 04:48:30 --> Call to undefined method CodeIgniter\Database\MySQLi\Builder::paginate()
#0 C:\xampp\htdocs\lab7_php_ci\ci4\system\CodeIgniter.php(931): App\Controllers\Artikel->admin_index()
#1 C:\xampp\htdocs\lab7_php_ci\ci4\system\CodeIgniter.php(439): CodeIgniter\CodeIgniter->runController(Object(App\Controllers\Artikel))
#2 C:\xampp\htdocs\lab7_php_ci\ci4\system\CodeIgniter.php(339): CodeIgniter\CodeIgniter->handleRequest(NULL, Object(Config\Cache), false)
#3 C:\xampp\htdocs\lab7_php_ci\ci4\public\index.php(36): CodeIgniter\CodeIgniter->run()
#4 C:\xampp\htdocs\lab7_php_ci\ci4\system\Commands\Server\rewrite.php(45): require_once('C:\\xampp\\htdocs...')
#5 {main}
CRITICAL - 2026-06-22 04:50:30 --> Call to undefined method CodeIgniter\Database\MySQLi\Builder::paginate()
#0 C:\xampp\htdocs\lab7_php_ci\ci4\system\CodeIgniter.php(931): App\Controllers\Artikel->admin_index()
#1 C:\xampp\htdocs\lab7_php_ci\ci4\system\CodeIgniter.php(439): CodeIgniter\CodeIgniter->runController(Object(App\Controllers\Artikel))
#2 C:\xampp\htdocs\lab7_php_ci\ci4\system\CodeIgniter.php(339): CodeIgniter\CodeIgniter->handleRequest(NULL, Object(Config\Cache), false)
#3 C:\xampp\htdocs\lab7_php_ci\ci4\public\index.php(36): CodeIgniter\CodeIgniter->run()
#4 C:\xampp\htdocs\lab7_php_ci\ci4\system\Commands\Server\rewrite.php(45): require_once('C:\\xampp\\htdocs...')
#5 {main}
CRITICAL - 2026-06-22 04:50:31 --> Call to undefined method CodeIgniter\Database\MySQLi\Builder::paginate()
#0 C:\xampp\htdocs\lab7_php_ci\ci4\system\CodeIgniter.php(931): App\Controllers\Artikel->admin_index()
#1 C:\xampp\htdocs\lab7_php_ci\ci4\system\CodeIgniter.php(439): CodeIgniter\CodeIgniter->runController(Object(App\Controllers\Artikel))
#2 C:\xampp\htdocs\lab7_php_ci\ci4\system\CodeIgniter.php(339): CodeIgniter\CodeIgniter->handleRequest(NULL, Object(Config\Cache), false)
#3 C:\xampp\htdocs\lab7_php_ci\ci4\public\index.php(36): CodeIgniter\CodeIgniter->run()
#4 C:\xampp\htdocs\lab7_php_ci\ci4\system\Commands\Server\rewrite.php(45): require_once('C:\\xampp\\htdocs...')
#5 {main}
CRITICAL - 2026-06-22 04:51:01 --> Class "App\Models\KategoriModel" not found
#0 C:\xampp\htdocs\lab7_php_ci\ci4\system\CodeIgniter.php(931): App\Controllers\Artikel->admin_index()
#1 C:\xampp\htdocs\lab7_php_ci\ci4\system\CodeIgniter.php(439): CodeIgniter\CodeIgniter->runController(Object(App\Controllers\Artikel))
#2 C:\xampp\htdocs\lab7_php_ci\ci4\system\CodeIgniter.php(339): CodeIgniter\CodeIgniter->handleRequest(NULL, Object(Config\Cache), false)
#3 C:\xampp\htdocs\lab7_php_ci\ci4\public\index.php(36): CodeIgniter\CodeIgniter->run()
#4 C:\xampp\htdocs\lab7_php_ci\ci4\system\Commands\Server\rewrite.php(45): require_once('C:\\xampp\\htdocs...')
#5 {main}
CRITICAL - 2026-06-22 04:51:50 --> Call to a member function only() on null
#0 C:\xampp\htdocs\lab7_php_ci\ci4\system\View\View.php(230): include()
#1 C:\xampp\htdocs\lab7_php_ci\ci4\system\View\View.php(232): CodeIgniter\View\View->CodeIgniter\View\{closure}()
#2 C:\xampp\htdocs\lab7_php_ci\ci4\system\Common.php(1250): CodeIgniter\View\View->render('artikel/admin_i...', Array, true)
#3 C:\xampp\htdocs\lab7_php_ci\ci4\app\Controllers\Artikel.php(67): view('artikel/admin_i...', Array)
#4 C:\xampp\htdocs\lab7_php_ci\ci4\system\CodeIgniter.php(931): App\Controllers\Artikel->admin_index()
#5 C:\xampp\htdocs\lab7_php_ci\ci4\system\CodeIgniter.php(439): CodeIgniter\CodeIgniter->runController(Object(App\Controllers\Artikel))
#6 C:\xampp\htdocs\lab7_php_ci\ci4\system\CodeIgniter.php(339): CodeIgniter\CodeIgniter->handleRequest(NULL, Object(Config\Cache), false)
#7 C:\xampp\htdocs\lab7_php_ci\ci4\public\index.php(36): CodeIgniter\CodeIgniter->run()
#8 C:\xampp\htdocs\lab7_php_ci\ci4\system\Commands\Server\rewrite.php(45): require_once('C:\\xampp\\htdocs...')
#9 {main}
CRITICAL - 2026-06-22 04:52:04 --> Call to undefined method CodeIgniter\Database\MySQLi\Builder::paginate()
#0 C:\xampp\htdocs\lab7_php_ci\ci4\system\CodeIgniter.php(931): App\Controllers\Artikel->admin_index()
#1 C:\xampp\htdocs\lab7_php_ci\ci4\system\CodeIgniter.php(439): CodeIgniter\CodeIgniter->runController(Object(App\Controllers\Artikel))
#2 C:\xampp\htdocs\lab7_php_ci\ci4\system\CodeIgniter.php(339): CodeIgniter\CodeIgniter->handleRequest(NULL, Object(Config\Cache), false)
#3 C:\xampp\htdocs\lab7_php_ci\ci4\public\index.php(36): CodeIgniter\CodeIgniter->run()
#4 C:\xampp\htdocs\lab7_php_ci\ci4\system\Commands\Server\rewrite.php(45): require_once('C:\\xampp\\htdocs...')
#5 {main}
CRITICAL - 2026-06-22 04:52:27 --> Call to a member function only() on null
#0 C:\xampp\htdocs\lab7_php_ci\ci4\system\View\View.php(230): include()
#1 C:\xampp\htdocs\lab7_php_ci\ci4\system\View\View.php(232): CodeIgniter\View\View->CodeIgniter\View\{closure}()
#2 C:\xampp\htdocs\lab7_php_ci\ci4\system\Common.php(1250): CodeIgniter\View\View->render('artikel/admin_i...', Array, true)
#3 C:\xampp\htdocs\lab7_php_ci\ci4\app\Controllers\Artikel.php(67): view('artikel/admin_i...', Array)
#4 C:\xampp\htdocs\lab7_php_ci\ci4\system\CodeIgniter.php(931): App\Controllers\Artikel->admin_index()
#5 C:\xampp\htdocs\lab7_php_ci\ci4\system\CodeIgniter.php(439): CodeIgniter\CodeIgniter->runController(Object(App\Controllers\Artikel))
#6 C:\xampp\htdocs\lab7_php_ci\ci4\system\CodeIgniter.php(339): CodeIgniter\CodeIgniter->handleRequest(NULL, Object(Config\Cache), false)
#7 C:\xampp\htdocs\lab7_php_ci\ci4\public\index.php(36): CodeIgniter\CodeIgniter->run()
#8 C:\xampp\htdocs\lab7_php_ci\ci4\system\Commands\Server\rewrite.php(45): require_once('C:\\xampp\\htdocs...')
#9 {main}
CRITICAL - 2026-06-22 04:55:44 --> Call to undefined method CodeIgniter\Database\MySQLi\Builder::paginate()
#0 C:\xampp\htdocs\lab7_php_ci\ci4\system\CodeIgniter.php(931): App\Controllers\Artikel->admin_index()
#1 C:\xampp\htdocs\lab7_php_ci\ci4\system\CodeIgniter.php(439): CodeIgniter\CodeIgniter->runController(Object(App\Controllers\Artikel))
#2 C:\xampp\htdocs\lab7_php_ci\ci4\system\CodeIgniter.php(339): CodeIgniter\CodeIgniter->handleRequest(NULL, Object(Config\Cache), false)
#3 C:\xampp\htdocs\lab7_php_ci\ci4\public\index.php(36): CodeIgniter\CodeIgniter->run()
#4 C:\xampp\htdocs\lab7_php_ci\ci4\system\Commands\Server\rewrite.php(45): require_once('C:\\xampp\\htdocs...')
#5 {main}
CRITICAL - 2026-06-22 05:15:04 --> Undefined variable $title
#0 C:\xampp\htdocs\lab7_php_ci\ci4\app\Views\template\header.php(5): CodeIgniter\Debug\Exceptions->errorHandler(2, 'Undefined varia...', 'C:\\xampp\\htdocs...', 5)
#1 C:\xampp\htdocs\lab7_php_ci\ci4\system\View\View.php(230): include('C:\\xampp\\htdocs...')
#2 C:\xampp\htdocs\lab7_php_ci\ci4\system\View\View.php(232): CodeIgniter\View\View->CodeIgniter\View\{closure}()
#3 C:\xampp\htdocs\lab7_php_ci\ci4\system\View\View.php(487): CodeIgniter\View\View->render('template/header', NULL, true)
#4 C:\xampp\htdocs\lab7_php_ci\ci4\app\Views\ajax\index.php(1): CodeIgniter\View\View->include('template/header')
#5 C:\xampp\htdocs\lab7_php_ci\ci4\system\View\View.php(230): include('C:\\xampp\\htdocs...')
#6 C:\xampp\htdocs\lab7_php_ci\ci4\system\View\View.php(232): CodeIgniter\View\View->CodeIgniter\View\{closure}()
#7 C:\xampp\htdocs\lab7_php_ci\ci4\system\Common.php(1250): CodeIgniter\View\View->render('ajax/index', Array, true)
#8 C:\xampp\htdocs\lab7_php_ci\ci4\app\Controllers\AjaxArtikel.php(12): view('ajax/index')
#9 C:\xampp\htdocs\lab7_php_ci\ci4\system\CodeIgniter.php(931): App\Controllers\AjaxArtikel->index()
#10 C:\xampp\htdocs\lab7_php_ci\ci4\system\CodeIgniter.php(439): CodeIgniter\CodeIgniter->runController(Object(App\Controllers\AjaxArtikel))
#11 C:\xampp\htdocs\lab7_php_ci\ci4\system\CodeIgniter.php(339): CodeIgniter\CodeIgniter->handleRequest(NULL, Object(Config\Cache), false)
#12 C:\xampp\htdocs\lab7_php_ci\ci4\public\index.php(36): CodeIgniter\CodeIgniter->run()
#13 C:\xampp\htdocs\lab7_php_ci\ci4\system\Commands\Server\rewrite.php(45): require_once('C:\\xampp\\htdocs...')
#14 {main}
CRITICAL - 2026-06-22 05:15:25 --> Undefined variable $title
#0 C:\xampp\htdocs\lab7_php_ci\ci4\app\Views\template\header.php(5): CodeIgniter\Debug\Exceptions->errorHandler(2, 'Undefined varia...', 'C:\\xampp\\htdocs...', 5)
#1 C:\xampp\htdocs\lab7_php_ci\ci4\system\View\View.php(230): include('C:\\xampp\\htdocs...')
#2 C:\xampp\htdocs\lab7_php_ci\ci4\system\View\View.php(232): CodeIgniter\View\View->CodeIgniter\View\{closure}()
#3 C:\xampp\htdocs\lab7_php_ci\ci4\system\View\View.php(487): CodeIgniter\View\View->render('template/header', NULL, true)
#4 C:\xampp\htdocs\lab7_php_ci\ci4\app\Views\ajax\index.php(1): CodeIgniter\View\View->include('template/header')
#5 C:\xampp\htdocs\lab7_php_ci\ci4\system\View\View.php(230): include('C:\\xampp\\htdocs...')
#6 C:\xampp\htdocs\lab7_php_ci\ci4\system\View\View.php(232): CodeIgniter\View\View->CodeIgniter\View\{closure}()
#7 C:\xampp\htdocs\lab7_php_ci\ci4\system\Common.php(1250): CodeIgniter\View\View->render('ajax/index', Array, true)
#8 C:\xampp\htdocs\lab7_php_ci\ci4\app\Controllers\AjaxArtikel.php(12): view('ajax/index')
#9 C:\xampp\htdocs\lab7_php_ci\ci4\system\CodeIgniter.php(931): App\Controllers\AjaxArtikel->index()
#10 C:\xampp\htdocs\lab7_php_ci\ci4\system\CodeIgniter.php(439): CodeIgniter\CodeIgniter->runController(Object(App\Controllers\AjaxArtikel))
#11 C:\xampp\htdocs\lab7_php_ci\ci4\system\CodeIgniter.php(339): CodeIgniter\CodeIgniter->handleRequest(NULL, Object(Config\Cache), false)
#12 C:\xampp\htdocs\lab7_php_ci\ci4\public\index.php(36): CodeIgniter\CodeIgniter->run()
#13 C:\xampp\htdocs\lab7_php_ci\ci4\system\Commands\Server\rewrite.php(45): require_once('C:\\xampp\\htdocs...')
#14 {main}
CRITICAL - 2026-06-22 05:15:26 --> Undefined variable $title
#0 C:\xampp\htdocs\lab7_php_ci\ci4\app\Views\template\header.php(5): CodeIgniter\Debug\Exceptions->errorHandler(2, 'Undefined varia...', 'C:\\xampp\\htdocs...', 5)
#1 C:\xampp\htdocs\lab7_php_ci\ci4\system\View\View.php(230): include('C:\\xampp\\htdocs...')
#2 C:\xampp\htdocs\lab7_php_ci\ci4\system\View\View.php(232): CodeIgniter\View\View->CodeIgniter\View\{closure}()
#3 C:\xampp\htdocs\lab7_php_ci\ci4\system\View\View.php(487): CodeIgniter\View\View->render('template/header', NULL, true)
#4 C:\xampp\htdocs\lab7_php_ci\ci4\app\Views\ajax\index.php(1): CodeIgniter\View\View->include('template/header')
#5 C:\xampp\htdocs\lab7_php_ci\ci4\system\View\View.php(230): include('C:\\xampp\\htdocs...')
#6 C:\xampp\htdocs\lab7_php_ci\ci4\system\View\View.php(232): CodeIgniter\View\View->CodeIgniter\View\{closure}()
#7 C:\xampp\htdocs\lab7_php_ci\ci4\system\Common.php(1250): CodeIgniter\View\View->render('ajax/index', Array, true)
#8 C:\xampp\htdocs\lab7_php_ci\ci4\app\Controllers\AjaxArtikel.php(12): view('ajax/index')
#9 C:\xampp\htdocs\lab7_php_ci\ci4\system\CodeIgniter.php(931): App\Controllers\AjaxArtikel->index()
#10 C:\xampp\htdocs\lab7_php_ci\ci4\system\CodeIgniter.php(439): CodeIgniter\CodeIgniter->runController(Object(App\Controllers\AjaxArtikel))
#11 C:\xampp\htdocs\lab7_php_ci\ci4\system\CodeIgniter.php(339): CodeIgniter\CodeIgniter->handleRequest(NULL, Object(Config\Cache), false)
#12 C:\xampp\htdocs\lab7_php_ci\ci4\public\index.php(36): CodeIgniter\CodeIgniter->run()
#13 C:\xampp\htdocs\lab7_php_ci\ci4\system\Commands\Server\rewrite.php(45): require_once('C:\\xampp\\htdocs...')
#14 {main}
CRITICAL - 2026-06-22 05:15:36 --> Undefined variable $title
#0 C:\xampp\htdocs\lab7_php_ci\ci4\app\Views\template\header.php(5): CodeIgniter\Debug\Exceptions->errorHandler(2, 'Undefined varia...', 'C:\\xampp\\htdocs...', 5)
#1 C:\xampp\htdocs\lab7_php_ci\ci4\system\View\View.php(230): include('C:\\xampp\\htdocs...')
#2 C:\xampp\htdocs\lab7_php_ci\ci4\system\View\View.php(232): CodeIgniter\View\View->CodeIgniter\View\{closure}()
#3 C:\xampp\htdocs\lab7_php_ci\ci4\system\View\View.php(487): CodeIgniter\View\View->render('template/header', NULL, true)
#4 C:\xampp\htdocs\lab7_php_ci\ci4\app\Views\ajax\index.php(1): CodeIgniter\View\View->include('template/header')
#5 C:\xampp\htdocs\lab7_php_ci\ci4\system\View\View.php(230): include('C:\\xampp\\htdocs...')
#6 C:\xampp\htdocs\lab7_php_ci\ci4\system\View\View.php(232): CodeIgniter\View\View->CodeIgniter\View\{closure}()
#7 C:\xampp\htdocs\lab7_php_ci\ci4\system\Common.php(1250): CodeIgniter\View\View->render('ajax/index', Array, true)
#8 C:\xampp\htdocs\lab7_php_ci\ci4\app\Controllers\AjaxArtikel.php(12): view('ajax/index')
#9 C:\xampp\htdocs\lab7_php_ci\ci4\system\CodeIgniter.php(931): App\Controllers\AjaxArtikel->index()
#10 C:\xampp\htdocs\lab7_php_ci\ci4\system\CodeIgniter.php(439): CodeIgniter\CodeIgniter->runController(Object(App\Controllers\AjaxArtikel))
#11 C:\xampp\htdocs\lab7_php_ci\ci4\system\CodeIgniter.php(339): CodeIgniter\CodeIgniter->handleRequest(NULL, Object(Config\Cache), false)
#12 C:\xampp\htdocs\lab7_php_ci\ci4\public\index.php(36): CodeIgniter\CodeIgniter->run()
#13 C:\xampp\htdocs\lab7_php_ci\ci4\system\Commands\Server\rewrite.php(45): require_once('C:\\xampp\\htdocs...')
#14 {main}
CRITICAL - 2026-06-22 05:23:56 --> Call to undefined method CodeIgniter\Database\MySQLi\Builder::paginate()
#0 C:\xampp\htdocs\lab7_php_ci\ci4\system\CodeIgniter.php(931): App\Controllers\Artikel->admin_index()
#1 C:\xampp\htdocs\lab7_php_ci\ci4\system\CodeIgniter.php(439): CodeIgniter\CodeIgniter->runController(Object(App\Controllers\Artikel))
#2 C:\xampp\htdocs\lab7_php_ci\ci4\system\CodeIgniter.php(339): CodeIgniter\CodeIgniter->handleRequest(NULL, Object(Config\Cache), false)
#3 C:\xampp\htdocs\lab7_php_ci\ci4\public\index.php(36): CodeIgniter\CodeIgniter->run()
#4 C:\xampp\htdocs\lab7_php_ci\ci4\system\Commands\Server\rewrite.php(45): require_once('C:\\xampp\\htdocs...')
#5 {main}
CRITICAL - 2026-06-22 05:24:01 --> Call to undefined method CodeIgniter\Database\MySQLi\Builder::paginate()
#0 C:\xampp\htdocs\lab7_php_ci\ci4\system\CodeIgniter.php(931): App\Controllers\Artikel->admin_index()
#1 C:\xampp\htdocs\lab7_php_ci\ci4\system\CodeIgniter.php(439): CodeIgniter\CodeIgniter->runController(Object(App\Controllers\Artikel))
#2 C:\xampp\htdocs\lab7_php_ci\ci4\system\CodeIgniter.php(339): CodeIgniter\CodeIgniter->handleRequest(NULL, Object(Config\Cache), false)
#3 C:\xampp\htdocs\lab7_php_ci\ci4\public\index.php(36): CodeIgniter\CodeIgniter->run()
#4 C:\xampp\htdocs\lab7_php_ci\ci4\system\Commands\Server\rewrite.php(45): require_once('C:\\xampp\\htdocs...')
#5 {main}
CRITICAL - 2026-06-22 05:25:56 --> Call to undefined method CodeIgniter\Database\MySQLi\Builder::paginate()
#0 C:\xampp\htdocs\lab7_php_ci\ci4\system\CodeIgniter.php(931): App\Controllers\Artikel->admin_index()
#1 C:\xampp\htdocs\lab7_php_ci\ci4\system\CodeIgniter.php(439): CodeIgniter\CodeIgniter->runController(Object(App\Controllers\Artikel))
#2 C:\xampp\htdocs\lab7_php_ci\ci4\system\CodeIgniter.php(339): CodeIgniter\CodeIgniter->handleRequest(NULL, Object(Config\Cache), false)
#3 C:\xampp\htdocs\lab7_php_ci\ci4\public\index.php(36): CodeIgniter\CodeIgniter->run()
#4 C:\xampp\htdocs\lab7_php_ci\ci4\system\Commands\Server\rewrite.php(45): require_once('C:\\xampp\\htdocs...')
#5 {main}
CRITICAL - 2026-06-22 07:14:57 --> Call to undefined method App\Models\ArtikelModel::getData
#0 C:\xampp\htdocs\lab7_php_ci\ci4\app\Controllers\Artikel.php(70): CodeIgniter\Model->__call('getData', Array)
#1 C:\xampp\htdocs\lab7_php_ci\ci4\system\CodeIgniter.php(931): App\Controllers\Artikel->admin_index()
#2 C:\xampp\htdocs\lab7_php_ci\ci4\system\CodeIgniter.php(439): CodeIgniter\CodeIgniter->runController(Object(App\Controllers\Artikel))
#3 C:\xampp\htdocs\lab7_php_ci\ci4\system\CodeIgniter.php(339): CodeIgniter\CodeIgniter->handleRequest(NULL, Object(Config\Cache), false)
#4 C:\xampp\htdocs\lab7_php_ci\ci4\public\index.php(36): CodeIgniter\CodeIgniter->run()
#5 C:\xampp\htdocs\lab7_php_ci\ci4\system\Commands\Server\rewrite.php(45): require_once('C:\\xampp\\htdocs...')
#6 {main}
CRITICAL - 2026-06-22 07:17:59 --> Cannot access protected property App\Models\ArtikelModel::$builder
#0 C:\xampp\htdocs\lab7_php_ci\ci4\system\CodeIgniter.php(931): App\Controllers\Artikel->admin_index()
#1 C:\xampp\htdocs\lab7_php_ci\ci4\system\CodeIgniter.php(439): CodeIgniter\CodeIgniter->runController(Object(App\Controllers\Artikel))
#2 C:\xampp\htdocs\lab7_php_ci\ci4\system\CodeIgniter.php(339): CodeIgniter\CodeIgniter->handleRequest(NULL, Object(Config\Cache), false)
#3 C:\xampp\htdocs\lab7_php_ci\ci4\public\index.php(36): CodeIgniter\CodeIgniter->run()
#4 C:\xampp\htdocs\lab7_php_ci\ci4\system\Commands\Server\rewrite.php(45): require_once('C:\\xampp\\htdocs...')
#5 {main}
CRITICAL - 2026-06-22 07:37:28 --> url_title(): Argument #1 ($str) must be of type string, null given, called in C:\xampp\htdocs\lab7_php_ci\ci4\app\Controllers\Post.php on line 28
#0 C:\xampp\htdocs\lab7_php_ci\ci4\app\Controllers\Post.php(28): url_title(NULL)
#1 C:\xampp\htdocs\lab7_php_ci\ci4\system\CodeIgniter.php(931): App\Controllers\Post->create()
#2 C:\xampp\htdocs\lab7_php_ci\ci4\system\CodeIgniter.php(439): CodeIgniter\CodeIgniter->runController(Object(App\Controllers\Post))
#3 C:\xampp\htdocs\lab7_php_ci\ci4\system\CodeIgniter.php(339): CodeIgniter\CodeIgniter->handleRequest(NULL, Object(Config\Cache), false)
#4 C:\xampp\htdocs\lab7_php_ci\ci4\public\index.php(36): CodeIgniter\CodeIgniter->run()
#5 C:\xampp\htdocs\lab7_php_ci\ci4\system\Commands\Server\rewrite.php(45): require_once('C:\\xampp\\htdocs...')
#6 {main}
CRITICAL - 2026-06-22 07:37:30 --> url_title(): Argument #1 ($str) must be of type string, null given, called in C:\xampp\htdocs\lab7_php_ci\ci4\app\Controllers\Post.php on line 28
#0 C:\xampp\htdocs\lab7_php_ci\ci4\app\Controllers\Post.php(28): url_title(NULL)
#1 C:\xampp\htdocs\lab7_php_ci\ci4\system\CodeIgniter.php(931): App\Controllers\Post->create()
#2 C:\xampp\htdocs\lab7_php_ci\ci4\system\CodeIgniter.php(439): CodeIgniter\CodeIgniter->runController(Object(App\Controllers\Post))
#3 C:\xampp\htdocs\lab7_php_ci\ci4\system\CodeIgniter.php(339): CodeIgniter\CodeIgniter->handleRequest(NULL, Object(Config\Cache), false)
#4 C:\xampp\htdocs\lab7_php_ci\ci4\public\index.php(36): CodeIgniter\CodeIgniter->run()
#5 C:\xampp\htdocs\lab7_php_ci\ci4\system\Commands\Server\rewrite.php(45): require_once('C:\\xampp\\htdocs...')
#6 {main}
CRITICAL - 2026-06-22 07:41:17 --> url_title(): Argument #1 ($str) must be of type string, null given, called in C:\xampp\htdocs\lab7_php_ci\ci4\app\Controllers\Post.php on line 28
#0 C:\xampp\htdocs\lab7_php_ci\ci4\app\Controllers\Post.php(28): url_title(NULL)
#1 C:\xampp\htdocs\lab7_php_ci\ci4\system\CodeIgniter.php(931): App\Controllers\Post->create()
#2 C:\xampp\htdocs\lab7_php_ci\ci4\system\CodeIgniter.php(439): CodeIgniter\CodeIgniter->runController(Object(App\Controllers\Post))
#3 C:\xampp\htdocs\lab7_php_ci\ci4\system\CodeIgniter.php(339): CodeIgniter\CodeIgniter->handleRequest(NULL, Object(Config\Cache), false)
#4 C:\xampp\htdocs\lab7_php_ci\ci4\public\index.php(36): CodeIgniter\CodeIgniter->run()
#5 C:\xampp\htdocs\lab7_php_ci\ci4\system\Commands\Server\rewrite.php(45): require_once('C:\\xampp\\htdocs...')
#6 {main}
CRITICAL - 2026-06-22 07:43:30 --> url_title(): Argument #1 ($str) must be of type string, null given, called in C:\xampp\htdocs\lab7_php_ci\ci4\app\Controllers\Post.php on line 28
#0 C:\xampp\htdocs\lab7_php_ci\ci4\app\Controllers\Post.php(28): url_title(NULL)
#1 C:\xampp\htdocs\lab7_php_ci\ci4\system\CodeIgniter.php(931): App\Controllers\Post->create()
#2 C:\xampp\htdocs\lab7_php_ci\ci4\system\CodeIgniter.php(439): CodeIgniter\CodeIgniter->runController(Object(App\Controllers\Post))
#3 C:\xampp\htdocs\lab7_php_ci\ci4\system\CodeIgniter.php(339): CodeIgniter\CodeIgniter->handleRequest(NULL, Object(Config\Cache), false)
#4 C:\xampp\htdocs\lab7_php_ci\ci4\public\index.php(36): CodeIgniter\CodeIgniter->run()
#5 C:\xampp\htdocs\lab7_php_ci\ci4\system\Commands\Server\rewrite.php(45): require_once('C:\\xampp\\htdocs...')
#6 {main}
CRITICAL - 2026-06-22 07:43:31 --> url_title(): Argument #1 ($str) must be of type string, null given, called in C:\xampp\htdocs\lab7_php_ci\ci4\app\Controllers\Post.php on line 28
#0 C:\xampp\htdocs\lab7_php_ci\ci4\app\Controllers\Post.php(28): url_title(NULL)
#1 C:\xampp\htdocs\lab7_php_ci\ci4\system\CodeIgniter.php(931): App\Controllers\Post->create()
#2 C:\xampp\htdocs\lab7_php_ci\ci4\system\CodeIgniter.php(439): CodeIgniter\CodeIgniter->runController(Object(App\Controllers\Post))
#3 C:\xampp\htdocs\lab7_php_ci\ci4\system\CodeIgniter.php(339): CodeIgniter\CodeIgniter->handleRequest(NULL, Object(Config\Cache), false)
#4 C:\xampp\htdocs\lab7_php_ci\ci4\public\index.php(36): CodeIgniter\CodeIgniter->run()
#5 C:\xampp\htdocs\lab7_php_ci\ci4\system\Commands\Server\rewrite.php(45): require_once('C:\\xampp\\htdocs...')
#6 {main}
CRITICAL - 2026-06-22 07:55:59 --> url_title(): Argument #1 ($str) must be of type string, null given, called in C:\xampp\htdocs\lab7_php_ci\ci4\app\Controllers\Post.php on line 28
#0 C:\xampp\htdocs\lab7_php_ci\ci4\app\Controllers\Post.php(28): url_title(NULL)
#1 C:\xampp\htdocs\lab7_php_ci\ci4\system\CodeIgniter.php(931): App\Controllers\Post->create()
#2 C:\xampp\htdocs\lab7_php_ci\ci4\system\CodeIgniter.php(439): CodeIgniter\CodeIgniter->runController(Object(App\Controllers\Post))
#3 C:\xampp\htdocs\lab7_php_ci\ci4\system\CodeIgniter.php(339): CodeIgniter\CodeIgniter->handleRequest(NULL, Object(Config\Cache), false)
#4 C:\xampp\htdocs\lab7_php_ci\ci4\public\index.php(36): CodeIgniter\CodeIgniter->run()
#5 C:\xampp\htdocs\lab7_php_ci\ci4\system\Commands\Server\rewrite.php(45): require_once('C:\\xampp\\htdocs...')
#6 {main}
CRITICAL - 2026-06-22 07:56:13 --> url_title(): Argument #1 ($str) must be of type string, null given, called in C:\xampp\htdocs\lab7_php_ci\ci4\app\Controllers\Post.php on line 28
#0 C:\xampp\htdocs\lab7_php_ci\ci4\app\Controllers\Post.php(28): url_title(NULL)
#1 C:\xampp\htdocs\lab7_php_ci\ci4\system\CodeIgniter.php(931): App\Controllers\Post->create()
#2 C:\xampp\htdocs\lab7_php_ci\ci4\system\CodeIgniter.php(439): CodeIgniter\CodeIgniter->runController(Object(App\Controllers\Post))
#3 C:\xampp\htdocs\lab7_php_ci\ci4\system\CodeIgniter.php(339): CodeIgniter\CodeIgniter->handleRequest(NULL, Object(Config\Cache), false)
#4 C:\xampp\htdocs\lab7_php_ci\ci4\public\index.php(36): CodeIgniter\CodeIgniter->run()
#5 C:\xampp\htdocs\lab7_php_ci\ci4\system\Commands\Server\rewrite.php(45): require_once('C:\\xampp\\htdocs...')
#6 {main}
CRITICAL - 2026-06-22 07:56:30 --> url_title(): Argument #1 ($str) must be of type string, null given, called in C:\xampp\htdocs\lab7_php_ci\ci4\app\Controllers\Post.php on line 28
#0 C:\xampp\htdocs\lab7_php_ci\ci4\app\Controllers\Post.php(28): url_title(NULL)
#1 C:\xampp\htdocs\lab7_php_ci\ci4\system\CodeIgniter.php(931): App\Controllers\Post->create()
#2 C:\xampp\htdocs\lab7_php_ci\ci4\system\CodeIgniter.php(439): CodeIgniter\CodeIgniter->runController(Object(App\Controllers\Post))
#3 C:\xampp\htdocs\lab7_php_ci\ci4\system\CodeIgniter.php(339): CodeIgniter\CodeIgniter->handleRequest(NULL, Object(Config\Cache), false)
#4 C:\xampp\htdocs\lab7_php_ci\ci4\public\index.php(36): CodeIgniter\CodeIgniter->run()
#5 C:\xampp\htdocs\lab7_php_ci\ci4\system\Commands\Server\rewrite.php(45): require_once('C:\\xampp\\htdocs...')
#6 {main}
